<?xml version="1.0" encoding="UTF-8"?>
<!-- Generated by org.testng.reporters.JUnitReportReporter -->
<testsuite hostname="Lviv" name="com.epam.lab3.NewspaperTest" tests="1" failures="0" timestamp="23 Aug 2017 12:21:00 GMT" time="3.648" errors="0">
  <testcase name="testAddNews" time="3.648" classname="com.epam.lab3.NewspaperTest"/>
</testsuite> <!-- com.epam.lab3.NewspaperTest -->
